<?xml version="1.0" encoding="UTF-8"?>
<testng-results ignored="0" total="1" passed="1" failed="0" skipped="0">
  <reporter-output>
  </reporter-output>
  <suite started-at="2024-12-06T13:58:11 CET" name="Default suite" finished-at="2024-12-06T13:58:15 CET" duration-ms="4096">
    <groups>
      <group name="cucumber">
        <method signature="AbstractTestNGCucumberTests.runScenario(io.cucumber.testng.PickleWrapper,io.cucumber.testng.FeatureWrapper)[pri:0, instance:AfegirWishlistTest@3eb77ea8]" name="runScenario" class="io.cucumber.testng.AbstractTestNGCucumberTests"/>
      </group> <!-- cucumber -->
    </groups>
    <test started-at="2024-12-06T13:58:11 CET" name="Default test" finished-at="2024-12-06T13:58:15 CET" duration-ms="4096">
      <class name="AfegirWishlistTest">
        <test-method is-config="true" signature="setUpClass(org.testng.ITestContext)[pri:0, instance:AfegirWishlistTest@3eb77ea8]" started-at="2024-12-06T13:58:11 CET" name="setUpClass" finished-at="2024-12-06T13:58:11 CET" duration-ms="161" status="PASS">
          <params>
            <param index="0">
              <value>
                <![CDATA[org.testng.TestRunner@2e1af49b]]>
              </value>
            </param>
          </params>
          <reporter-output>
          </reporter-output>
        </test-method> <!-- setUpClass -->
        <test-method signature="runScenario(io.cucumber.testng.PickleWrapper,io.cucumber.testng.FeatureWrapper)[pri:0, instance:AfegirWishlistTest@3eb77ea8]" started-at="2024-12-06T13:58:11 CET" name="runScenario" description="Runs Cucumber Scenarios" data-provider="scenarios" finished-at="2024-12-06T13:58:15 CET" duration-ms="3898" status="PASS">
          <params>
            <param index="0">
              <value>
                <![CDATA["Afegir Wishlist"]]>
              </value>
            </param>
            <param index="1">
              <value>
                <![CDATA["AfegirWishlist"]]>
              </value>
            </param>
          </params>
          <reporter-output>
          </reporter-output>
        </test-method> <!-- runScenario -->
        <test-method is-config="true" signature="tearDownClass()[pri:0, instance:AfegirWishlistTest@3eb77ea8]" started-at="2024-12-06T13:58:15 CET" name="tearDownClass" finished-at="2024-12-06T13:58:15 CET" duration-ms="2" status="PASS">
          <reporter-output>
          </reporter-output>
        </test-method> <!-- tearDownClass -->
      </class> <!-- AfegirWishlistTest -->
    </test> <!-- Default test -->
  </suite> <!-- Default suite -->
</testng-results>
